
> my-project@0.1.0 build
> next build

⚠ Warning: Next.js inferred your workspace root, but it may not be correct.
 We detected multiple lockfiles and selected the directory of /Users/macbookuz/package-lock.json as the root directory.
 To silence this warning, set `turbopack.root` in your Next.js config, or consider removing one of the lockfiles if it's not needed.
   See https://nextjs.org/docs/app/api-reference/config/next-config-js/turbopack#root-directory for more information.
 Detected additional lockfiles: 
   * /Users/macbookuz/Downloads/3d page/pnpm-lock.yaml

▲ Next.js 16.2.4 (Turbopack)
- Environments: .env.local

  Creating an optimized production build ...
✓ Compiled successfully in 5.9s
  Skipping validation of types
  Finished TypeScript config validation in 48ms ...
  Collecting page data using 7 workers ...
  Generating static pages using 7 workers (0/19) ...
  Generating static pages using 7 workers (4/19) 
  Generating static pages using 7 workers (9/19) 
  Generating static pages using 7 workers (14/19) 
⨯ useSearchParams() should be wrapped in a suspense boundary at page "/create". Read more: https://nextjs.org/docs/messages/missing-suspense-with-csr-bailout
    at S (/Users/macbookuz/Downloads/3d page/.next/server/chunks/ssr/1280__pnpm_02dl.2~._.js:2:2692)
    at r (/Users/macbookuz/Downloads/3d page/.next/server/chunks/ssr/1280__pnpm_02dl.2~._.js:4:6761)
    at /Users/macbookuz/Downloads/3d page/.next/server/chunks/ssr/Downloads_3d page_0dcq_8c._.js:5:2782
    at an (/Users/macbookuz/Downloads/3d page/node_modules/.pnpm/next@16.2.4_@opentelemetry+api@1.9.1_react-dom@19.2.4_react@19.2.4__react@19.2.4/node_modules/next/dist/compiled/next-server/app-page-turbo.runtime.prod.js:2:84267)
    at ai (/Users/macbookuz/Downloads/3d page/node_modules/.pnpm/next@16.2.4_@opentelemetry+api@1.9.1_react-dom@19.2.4_react@19.2.4__react@19.2.4/node_modules/next/dist/compiled/next-server/app-page-turbo.runtime.prod.js:2:86086)
    at al (/Users/macbookuz/Downloads/3d page/node_modules/.pnpm/next@16.2.4_@opentelemetry+api@1.9.1_react-dom@19.2.4_react@19.2.4__react@19.2.4/node_modules/next/dist/compiled/next-server/app-page-turbo.runtime.prod.js:2:107860)
    at ao (/Users/macbookuz/Downloads/3d page/node_modules/.pnpm/next@16.2.4_@opentelemetry+api@1.9.1_react-dom@19.2.4_react@19.2.4__react@19.2.4/node_modules/next/dist/compiled/next-server/app-page-turbo.runtime.prod.js:2:105275)
    at aa (/Users/macbookuz/Downloads/3d page/node_modules/.pnpm/next@16.2.4_@opentelemetry+api@1.9.1_react-dom@19.2.4_react@19.2.4__react@19.2.4/node_modules/next/dist/compiled/next-server/app-page-turbo.runtime.prod.js:2:84619)
    at ai (/Users/macbookuz/Downloads/3d page/node_modules/.pnpm/next@16.2.4_@opentelemetry+api@1.9.1_react-dom@19.2.4_react@19.2.4__react@19.2.4/node_modules/next/dist/compiled/next-server/app-page-turbo.runtime.prod.js:2:86135)
    at ai (/Users/macbookuz/Downloads/3d page/node_modules/.pnpm/next@16.2.4_@opentelemetry+api@1.9.1_react-dom@19.2.4_react@19.2.4__react@19.2.4/node_modules/next/dist/compiled/next-server/app-page-turbo.runtime.prod.js:2:104615)
Error occurred prerendering page "/create". Read more: https://nextjs.org/docs/messages/prerender-error
Export encountered an error on /create/page: /create, exiting the build.
⨯ Next.js build worker exited with code: 1 and signal: null
